::1 - - [16/Nov/2025:17:05:21 +0000] "PATCH /api/v1/users/updateProfile HTTP/1.1" 500 784
::1 - - [16/Nov/2025:17:05:41 +0000] "PATCH /api/v1/users/updateProfile HTTP/1.1" 500 796
::1 - - [16/Nov/2025:17:05:49 +0000] "PATCH /api/v1/users/updateProfile HTTP/1.1" 401 201
::1 - - [16/Nov/2025:17:06:03 +0000] "PATCH /api/v1/users/updateProfile HTTP/1.1" 200 1904
::1 - - [18/Nov/2025:16:13:04 +0000] "DELETE /api/v1/users/691886893e1bd6e0fef09261/freeze-account HTTP/1.1" 500 700
::1 - - [18/Nov/2025:16:13:29 +0000] "DELETE /api/v1/users/691886893e1bd6e0fef09261/freeze-account HTTP/1.1" 404 33
::1 - - [18/Nov/2025:16:13:45 +0000] "DELETE /api/v1/users/691886893e1bd6e0fef09261/freeze-account HTTP/1.1" 404 33
::1 - - [18/Nov/2025:16:14:09 +0000] "DELETE /api/v1/users/691886893e1bd6e0fef09261/freeze-account HTTP/1.1" 500 1126
::1 - - [18/Nov/2025:16:14:22 +0000] "DELETE /api/v1/users/691886893e1bd6e0fef09263/freeze-account HTTP/1.1" 500 1126
::1 - - [18/Nov/2025:16:16:26 +0000] "DELETE /api/v1/users/691886893e1bd6e0fef79263/freeze-account HTTP/1.1" 500 284
::1 - - [18/Nov/2025:17:01:56 +0000] "DELETE /api/v1/users/691886893e1bd6e0fef79263/freeze-account HTTP/1.1" 500 284
::1 - - [18/Nov/2025:17:02:01 +0000] "DELETE /api/v1/users/691886893e1bd6e0fef09263/freeze-account HTTP/1.1" 500 334
::1 - - [18/Nov/2025:17:02:07 +0000] "DELETE /api/v1/users/freeze-account HTTP/1.1" 404 33
::1 - - [18/Nov/2025:17:02:10 +0000] "DELETE /api/v1/users/freeze-account HTTP/1.1" 404 33
::1 - - [18/Nov/2025:17:02:14 +0000] "DELETE /api/v1/users/freeze-account HTTP/1.1" 404 33
::1 - - [18/Nov/2025:17:03:03 +0000] "DELETE /api/v1/users/freeze-account HTTP/1.1" 500 1316
::1 - - [18/Nov/2025:17:06:16 +0000] "DELETE /api/v1/users/freeze-account HTTP/1.1" 500 1316
::1 - - [18/Nov/2025:17:06:17 +0000] "DELETE /api/v1/users/freeze-account HTTP/1.1" 500 1316
::1 - - [18/Nov/2025:17:23:11 +0000] "DELETE /api/v1/users/freeze-account HTTP/1.1" 500 1316
::1 - - [18/Nov/2025:17:30:02 +0000] "DELETE /api/v1/users/freeze-account HTTP/1.1" 403 565
::1 - - [18/Nov/2025:17:32:07 +0000] "DELETE /api/v1/users/freeze-account HTTP/1.1" 403 565
::1 - - [18/Nov/2025:17:33:12 +0000] "DELETE /api/v1/users/freeze-account HTTP/1.1" 400 165
::1 - - [18/Nov/2025:17:34:31 +0000] "DELETE /api/v1/users/freeze-account HTTP/1.1" 400 165
::1 - - [18/Nov/2025:17:34:47 +0000] "DELETE /api/v1/users/freeze-account HTTP/1.1" 400 165
::1 - - [18/Nov/2025:17:35:09 +0000] "DELETE /api/v1/users/freeze-account HTTP/1.1" 500 1316
::1 - - [18/Nov/2025:17:35:13 +0000] "DELETE /api/v1/users/freeze-account HTTP/1.1" 500 1316
::1 - - [18/Nov/2025:17:35:38 +0000] "DELETE /api/v1/users/freeze-account HTTP/1.1" 500 1316
::1 - - [18/Nov/2025:17:39:22 +0000] "DELETE /api/v1/users/freeze-account HTTP/1.1" 500 284
::1 - - [18/Nov/2025:17:39:43 +0000] "DELETE /api/v1/users/freeze-account HTTP/1.1" 500 302
::1 - - [18/Nov/2025:17:56:55 +0000] "DELETE /api/v1/users/freeze-account HTTP/1.1" 200 1179
::1 - - [18/Nov/2025:17:57:18 +0000] "DELETE /api/v1/users/freeze-account HTTP/1.1" 500 282
::1 - - [18/Nov/2025:17:57:55 +0000] "DELETE /api/v1/users/freeze-account HTTP/1.1" 200 1179
::1 - - [18/Nov/2025:17:58:35 +0000] "DELETE /api/v1/users/691cad674ad6c08cb595038c/freeze-account HTTP/1.1" 500 796
::1 - - [18/Nov/2025:17:59:13 +0000] "DELETE /api/v1/users/691cad674ad6c08cb595038c/freeze-account HTTP/1.1" 500 796
::1 - - [18/Nov/2025:17:59:14 +0000] "DELETE /api/v1/users/691cad674ad6c08cb595038c/freeze-account HTTP/1.1" 500 796
::1 - - [18/Nov/2025:17:59:35 +0000] "DELETE /api/v1/users/691cad674ad6c08cb595038c/freeze-account HTTP/1.1" 500 796
::1 - - [18/Nov/2025:18:01:40 +0000] "DELETE /api/v1/users/691cad674ad6c08cb595038c/freeze-account HTTP/1.1" 500 796
::1 - - [18/Nov/2025:18:01:42 +0000] "DELETE /api/v1/users/691cad674ad6c08cb595038c/freeze-account HTTP/1.1" 500 796
::1 - - [18/Nov/2025:18:07:59 +0000] "DELETE /api/v1/users/691cad674ad6c08cb595038c/freeze-account HTTP/1.1" 500 796
::1 - - [18/Nov/2025:18:09:12 +0000] "DELETE /api/v1/users/691cad674ad6c08cb595038c/freeze-account HTTP/1.1" 500 796
::1 - - [18/Nov/2025:18:09:29 +0000] "DELETE /api/v1/users/691cad674ad6c08cb595038c/freeze-account HTTP/1.1" 500 796
::1 - - [18/Nov/2025:18:09:30 +0000] "DELETE /api/v1/users/691cad674ad6c08cb595038c/freeze-account HTTP/1.1" 500 796
::1 - - [18/Nov/2025:18:12:48 +0000] "DELETE /api/v1/users/691cad674ad6c08cb595038c/freeze-account HTTP/1.1" 500 282
::1 - - [18/Nov/2025:18:12:57 +0000] "DELETE /api/v1/users/691cad674ad6c08cb595038c/freeze-account HTTP/1.1" 500 796
::1 - - [18/Nov/2025:18:13:10 +0000] "DELETE /api/v1/users/691cad674ad6c08cb595038c/freeze-account HTTP/1.1" 500 796
::1 - - [18/Nov/2025:18:17:42 +0000] "DELETE /api/v1/users/691cad674ad6c08cb595038c/freeze-account HTTP/1.1" 500 796
::1 - - [18/Nov/2025:18:17:49 +0000] "DELETE /api/v1/users/691cad674ad6c08cb595038c/freeze-account HTTP/1.1" 403 565
::1 - - [18/Nov/2025:18:17:57 +0000] "DELETE /api/v1/users/691cad674ad6c08cb595038c/freeze-account HTTP/1.1" 403 565
::1 - - [18/Nov/2025:18:17:58 +0000] "DELETE /api/v1/users/691cad674ad6c08cb595038c/freeze-account HTTP/1.1" 403 565
::1 - - [18/Nov/2025:18:18:01 +0000] "DELETE /api/v1/users/691cad674ad6c08cb595038c/freeze-account HTTP/1.1" 403 565
::1 - - [18/Nov/2025:18:18:16 +0000] "DELETE /api/v1/users/freeze-account HTTP/1.1" 403 565
::1 - - [18/Nov/2025:18:18:20 +0000] "DELETE /api/v1/users/freeze-account HTTP/1.1" 403 565
::1 - - [18/Nov/2025:18:18:31 +0000] "DELETE /api/v1/users/freeze-account HTTP/1.1" 403 565
::1 - - [18/Nov/2025:18:18:32 +0000] "DELETE /api/v1/users/freeze-account HTTP/1.1" 403 565
::1 - - [18/Nov/2025:18:18:36 +0000] "DELETE /api/v1/users/freeze-account HTTP/1.1" 403 565
::1 - - [18/Nov/2025:18:18:37 +0000] "DELETE /api/v1/users/freeze-account HTTP/1.1" 403 565
::1 - - [18/Nov/2025:18:18:38 +0000] "DELETE /api/v1/users/freeze-account HTTP/1.1" 403 565
::1 - - [18/Nov/2025:18:18:58 +0000] "DELETE /api/v1/users/freeze-account HTTP/1.1" 200 1179
::1 - - [18/Nov/2025:18:40:40 +0000] "DELETE /api/v1/users/freeze-account HTTP/1.1" 500 796
::1 - - [18/Nov/2025:18:40:49 +0000] "DELETE /api/v1/users/freeze-account HTTP/1.1" 500 1153
::1 - - [18/Nov/2025:18:41:18 +0000] "DELETE /api/v1/users/691cbd36c20d60540b34db4e/freeze-account HTTP/1.1" 200 1216
::1 - - [18/Nov/2025:18:45:38 +0000] "DELETE /api/v1/users/691cbd36c20d60540b34db4e/freeze-account HTTP/1.1" 500 1153
::1 - - [18/Nov/2025:18:46:43 +0000] "DELETE /api/v1/users/691cbd36c20d60540b34db4e/freeze-account HTTP/1.1" 500 1114
::1 - - [18/Nov/2025:18:46:47 +0000] "DELETE /api/v1/users/691cbd36c20d60540b34db4e/freeze-account HTTP/1.1" 500 1114
::1 - - [18/Nov/2025:18:48:50 +0000] "DELETE /api/v1/users/691cbd36c20d60540b34db4e/freeze-account HTTP/1.1" 500 796
::1 - - [18/Nov/2025:18:49:28 +0000] "DELETE /api/v1/users/freeze-account HTTP/1.1" 500 796
::1 - - [18/Nov/2025:18:51:59 +0000] "DELETE /api/v1/users/freeze-account HTTP/1.1" 500 796
::1 - - [18/Nov/2025:18:52:00 +0000] "DELETE /api/v1/users/freeze-account HTTP/1.1" 500 796
::1 - - [18/Nov/2025:18:56:05 +0000] "DELETE /api/v1/users/freeze-account HTTP/1.1" 500 796
::1 - - [18/Nov/2025:18:56:09 +0000] "DELETE /api/v1/users/freeze-account HTTP/1.1" 500 796
::1 - - [18/Nov/2025:18:56:22 +0000] "DELETE /api/v1/users/freeze-account HTTP/1.1" 500 796
::1 - - [18/Nov/2025:18:58:45 +0000] "DELETE /api/v1/users/freeze-account HTTP/1.1" 500 1094
::1 - - [18/Nov/2025:18:59:04 +0000] "DELETE /api/v1/users/691cbf39c3e3dbe073c1ffe2/freeze-account HTTP/1.1" 200 1230
::1 - - [18/Nov/2025:19:13:15 +0000] "DELETE /api/v1/users/691cbf39c3e3dbe073c1ffe2/freeze-account HTTP/1.1" 500 1126
::1 - - [18/Nov/2025:19:13:21 +0000] "DELETE /api/v1/users/freeze-account HTTP/1.1" 200 1230
::1 - - [18/Nov/2025:20:00:40 +0000] "DELETE /api/v1/users/freeze-account HTTP/1.1" 404 33
::1 - - [18/Nov/2025:20:01:05 +0000] "DELETE /api/v1/users/freeze-account HTTP/1.1" 404 33
::1 - - [18/Nov/2025:20:01:39 +0000] "DELETE /api/v1/users/freeze-account HTTP/1.1" 404 33
::1 - - [18/Nov/2025:20:02:16 +0000] "DELETE /api/v1/users/freeze-account HTTP/1.1" 500 796
::1 - - [18/Nov/2025:20:02:40 +0000] "DELETE /api/v1/users/691ccfe179f64e3d0b6a59b2/freeze-account HTTP/1.1" 500 796
::1 - - [18/Nov/2025:20:02:45 +0000] "DELETE /api/v1/users/691ccfe179f64e3d0b6a59b2/freeze-account HTTP/1.1" 500 1077
::1 - - [18/Nov/2025:20:02:56 +0000] "DELETE /api/v1/users/freeze-account HTTP/1.1" 200 1230
::1 - - [18/Nov/2025:20:03:24 +0000] "DELETE /api/v1/users/freeze-account HTTP/1.1" 500 1079
::1 - - [18/Nov/2025:20:03:37 +0000] "DELETE /api/v1/users/691ccfe179f64e3d0b6a59b2/freeze-account HTTP/1.1" 200 1216
::1 - - [18/Nov/2025:20:04:19 +0000] "DELETE /api/v1/users/691ccfe179f64e3d0b6a59b2/freeze-account HTTP/1.1" 500 1083
::1 - - [18/Nov/2025:20:04:33 +0000] "DELETE /api/v1/users/691ccfa079f64e3d0b6a59ab/freeze-account HTTP/1.1" 500 281
::1 - - [18/Nov/2025:20:04:56 +0000] "DELETE /api/v1/users/691ccfa079f64e3d0b6a59ab/freeze-account HTTP/1.1" 200 1230
::1 - - [18/Nov/2025:20:42:55 +0000] "DELETE /api/v1/users/691ccfa079f64e3d0b6a59ab/restore-account HTTP/1.1" 404 33
::1 - - [18/Nov/2025:20:42:58 +0000] "DELETE /api/v1/users/691ccfa079f64e3d0b6a59ab/restore-account HTTP/1.1" 404 33
::1 - - [18/Nov/2025:20:43:36 +0000] "DELETE /api/v1/users/691ccfa079f64e3d0b6a59ab/restore-account HTTP/1.1" 404 33
::1 - - [18/Nov/2025:20:43:37 +0000] "DELETE /api/v1/users/691ccfa079f64e3d0b6a59ab/restore-account HTTP/1.1" 404 33
::1 - - [18/Nov/2025:20:43:56 +0000] "PATCH /api/v1/users/691ccfa079f64e3d0b6a59ab/restore-account HTTP/1.1" 500 1127
::1 - - [18/Nov/2025:20:46:11 +0000] "PATCH /api/v1/users/691ccfa079f64e3d0b6a59ab/restore-account HTTP/1.1" 500 1127
::1 - - [18/Nov/2025:20:46:12 +0000] "PATCH /api/v1/users/691ccfa079f64e3d0b6a59ab/restore-account HTTP/1.1" 500 1127
::1 - - [18/Nov/2025:20:47:33 +0000] "PATCH /api/v1/users/691ccfa079f64e3d0b6a59ab/restore-account HTTP/1.1" 500 1127
::1 - - [18/Nov/2025:20:47:46 +0000] "PATCH /api/v1/users/restore-account HTTP/1.1" 500 1133
::1 - - [18/Nov/2025:20:52:22 +0000] "PATCH /api/v1/users/restore-account HTTP/1.1" 500 1133
::1 - - [18/Nov/2025:20:53:34 +0000] "PATCH /api/v1/users/restore-account HTTP/1.1" 500 1133
::1 - - [18/Nov/2025:20:57:18 +0000] "PATCH /api/v1/users/restore-account HTTP/1.1" 500 1133
::1 - - [18/Nov/2025:20:58:49 +0000] "PATCH /api/v1/users/restore-account HTTP/1.1" 500 1094
::1 - - [18/Nov/2025:20:59:12 +0000] "PATCH /api/v1/users/691ccfa079f64e3d0b6a59ab/restore-account HTTP/1.1" 200 1233
::1 - - [18/Nov/2025:20:59:32 +0000] "DELETE /api/v1/users/691ccfa079f64e3d0b6a59ab/freeze-account HTTP/1.1" 500 784
::1 - - [18/Nov/2025:20:59:49 +0000] "DELETE /api/v1/users/691ccfa079f64e3d0b6a59ab/freeze-account HTTP/1.1" 200 1308
::1 - - [18/Nov/2025:21:05:49 +0000] "DELETE /api/v1/users/691ccfa079f64e3d0b6a59ab/freeze-account HTTP/1.1" 500 1527
::1 - - [18/Nov/2025:21:06:29 +0000] "DELETE /api/v1/users/691ccfa079f64e3d0b6a59ab/freeze-account HTTP/1.1" 200 1230
::1 - - [18/Nov/2025:21:06:39 +0000] "PATCH /api/v1/users/691ccfa079f64e3d0b6a59ab/restore-account HTTP/1.1" 200 1233
::1 - - [18/Nov/2025:21:07:42 +0000] "PATCH /api/v1/users/691ccfa079f64e3d0b6a59ab/restore-account HTTP/1.1" 500 1078
::1 - - [18/Nov/2025:21:07:48 +0000] "PATCH /api/v1/users/restore-account HTTP/1.1" 500 1130
::1 - - [18/Nov/2025:21:08:32 +0000] "DELETE /api/v1/users/freeze-account HTTP/1.1" 200 1230
::1 - - [18/Nov/2025:21:08:43 +0000] "PATCH /api/v1/users/restore-account HTTP/1.1" 200 1233
::1 - - [18/Nov/2025:21:10:41 +0000] "PATCH /api/v1/users/restore-account HTTP/1.1" 500 1130
::1 - - [18/Nov/2025:21:11:07 +0000] "PATCH /api/v1/users/restore-account HTTP/1.1" 500 1094
::1 - - [18/Nov/2025:21:11:14 +0000] "PATCH /api/v1/users/691ccfa079f64e3d0b6a59ab/restore-account HTTP/1.1" 500 332
::1 - - [18/Nov/2025:21:11:21 +0000] "PATCH /api/v1/users/691ccfa079f64e3d0b6a59ab/restore-account HTTP/1.1" 500 332
::1 - - [18/Nov/2025:21:12:02 +0000] "PATCH /api/v1/users/691ccfa079f64e3d0b6a59ab/restore-account HTTP/1.1" 500 332
::1 - - [19/Nov/2025:14:16:29 +0000] "DELETE /api/v1/users/691ccfa079f64e3d0b6a59ab/freeze-account HTTP/1.1" 200 1230
::1 - - [19/Nov/2025:14:41:19 +0000] "PATCH /api/v1/users/691ccfa079f64e3d0b6a59ab/restore-account HTTP/1.1" 500 796
::1 - - [19/Nov/2025:14:41:36 +0000] "PATCH /api/v1/users/691ccfa079f64e3d0b6a59ab/restore-account HTTP/1.1" 500 796
::1 - - [19/Nov/2025:14:41:37 +0000] "PATCH /api/v1/users/691ccfa079f64e3d0b6a59ab/restore-account HTTP/1.1" 500 796
::1 - - [19/Nov/2025:14:43:34 +0000] "PATCH /api/v1/users/691ccfa079f64e3d0b6a59ab/restore-account HTTP/1.1" 500 796
::1 - - [19/Nov/2025:14:48:31 +0000] "PATCH /api/v1/users/691ccfa079f64e3d0b6a59ab/restore-account HTTP/1.1" 500 796
::1 - - [19/Nov/2025:14:48:32 +0000] "PATCH /api/v1/users/691ccfa079f64e3d0b6a59ab/restore-account HTTP/1.1" 500 796
::1 - - [19/Nov/2025:14:49:37 +0000] "PATCH /api/v1/users/691ccfa079f64e3d0b6a59ab/restore-account HTTP/1.1" 500 796
::1 - - [19/Nov/2025:14:51:30 +0000] "PATCH /api/v1/users/691ccfa079f64e3d0b6a59ab/restore-account HTTP/1.1" 500 796
::1 - - [19/Nov/2025:14:51:31 +0000] "PATCH /api/v1/users/691ccfa079f64e3d0b6a59ab/restore-account HTTP/1.1" 500 796
::1 - - [19/Nov/2025:14:54:40 +0000] "PATCH /api/v1/users/691ccfa079f64e3d0b6a59ab/restore-account HTTP/1.1" 200 1233
::1 - - [19/Nov/2025:14:55:10 +0000] "DELETE /api/v1/users/691ccfa079f64e3d0b6a59ab/freeze-account HTTP/1.1" 200 1230
::1 - - [19/Nov/2025:14:55:48 +0000] "PATCH /api/v1/users/691ccfa079f64e3d0b6a59ab/restore-account HTTP/1.1" 200 1233
::1 - - [19/Nov/2025:14:56:06 +0000] "DELETE /api/v1/users/691ccfa079f64e3d0b6a59ab/freeze-account HTTP/1.1" 500 1077
::1 - - [19/Nov/2025:14:56:13 +0000] "DELETE /api/v1/users/freeze-account HTTP/1.1" 200 1230
::1 - - [19/Nov/2025:14:56:24 +0000] "PATCH /api/v1/users/691ccfa079f64e3d0b6a59ab/restore-account HTTP/1.1" 500 339
::1 - - [19/Nov/2025:14:56:37 +0000] "PATCH /api/v1/users/691ccfa079f64e3d0b6a59ab/restore-account HTTP/1.1" 500 1127
::1 - - [19/Nov/2025:14:56:50 +0000] "PATCH /api/v1/users/restore-account HTTP/1.1" 500 1133
::1 - - [19/Nov/2025:14:57:15 +0000] "PATCH /api/v1/users/restore-account HTTP/1.1" 500 1095
::1 - - [19/Nov/2025:14:57:23 +0000] "PATCH /api/v1/users/restore-account HTTP/1.1" 500 1133
::1 - - [19/Nov/2025:16:31:12 +0000] "PATCH /api/v1/users//soft-delete/691ccfe179f64e3d0b6a59b2 HTTP/1.1" 404 33
::1 - - [19/Nov/2025:16:31:13 +0000] "PATCH /api/v1/users//soft-delete/691ccfe179f64e3d0b6a59b2 HTTP/1.1" 404 33
::1 - - [19/Nov/2025:16:31:19 +0000] "PATCH /api/v1/users/soft-delete/691ccfe179f64e3d0b6a59b2 HTTP/1.1" 500 914
::1 - - [19/Nov/2025:16:31:34 +0000] "PATCH /api/v1/users/soft-delete/691ccfa079f64e3d0b6a59ab HTTP/1.1" 500 293
::1 - - [19/Nov/2025:16:31:58 +0000] "PATCH /api/v1/users/soft-delete/691ccfa079f64e3d0b6a59ab HTTP/1.1" 500 308
::1 - - [19/Nov/2025:16:33:13 +0000] "PATCH /api/v1/users/soft-delete/691ccfa079f64e3d0b6a59ab HTTP/1.1" 200 1312
::1 - - [19/Nov/2025:17:16:20 +0000] "PATCH /api/v1/users/restore-delete HTTP/1.1" 404 33
::1 - - [19/Nov/2025:17:16:24 +0000] "PATCH /api/v1/users/restore-delete HTTP/1.1" 404 33
::1 - - [19/Nov/2025:17:16:34 +0000] "PATCH /api/v1/users/restore-delete/691ccfa079f64e3d0b6a59ab HTTP/1.1" 404 33
::1 - - [19/Nov/2025:17:16:35 +0000] "PATCH /api/v1/users/restore-delete/691ccfa079f64e3d0b6a59ab HTTP/1.1" 404 33
::1 - - [19/Nov/2025:17:16:53 +0000] "PATCH /api/v1/users/restore-delete/691ccfa079f64e3d0b6a59ab HTTP/1.1" 404 33
::1 - - [19/Nov/2025:17:16:55 +0000] "PATCH /api/v1/users/restore-delete/691ccfa079f64e3d0b6a59ab HTTP/1.1" 404 33
::1 - - [19/Nov/2025:17:17:30 +0000] "PATCH /api/v1/users/retsore-delete/691ccfa079f64e3d0b6a59ab HTTP/1.1" 500 450
::1 - - [19/Nov/2025:17:30:32 +0000] "PATCH /api/v1/users/retsore-delete/691ccfa079f64e3d0b6a59ab HTTP/1.1" 500 450
::1 - - [19/Nov/2025:17:34:30 +0000] "PATCH /api/v1/users/retsore-delete/691ccfa079f64e3d0b6a59ab HTTP/1.1" 500 450
::1 - - [19/Nov/2025:21:35:50 +0000] "PATCH /api/v1/users/retsore-delete/691ccfa079f64e3d0b6a59ab HTTP/1.1" 500 784
::1 - - [19/Nov/2025:21:36:13 +0000] "PATCH /api/v1/users/retsore-delete/691ccfa079f64e3d0b6a59ab HTTP/1.1" 500 314
::1 - - [19/Nov/2025:21:36:44 +0000] "PATCH /api/v1/users/retsore-delete/691ccfa079f64e3d0b6a59ab HTTP/1.1" 200 1228
::1 - - [20/Nov/2025:14:25:58 +0000] "PATCH /api/v1/users/soft-delete/691ccfe179f64e3d0b6a59b2 HTTP/1.1" 404 33
::1 - - [20/Nov/2025:14:26:23 +0000] "PATCH /api/v1/users/softDelete-account/691ccfe179f64e3d0b6a59b2 HTTP/1.1" 500 991
::1 - - [20/Nov/2025:14:27:18 +0000] "PATCH /api/v1/users/softDelete-account/691ccfe179f64e3d0b6a59b2 HTTP/1.1" 500 991
::1 - - [20/Nov/2025:14:27:19 +0000] "PATCH /api/v1/users/softDelete-account/691ccfe179f64e3d0b6a59b2 HTTP/1.1" 500 991
::1 - - [20/Nov/2025:14:31:18 +0000] "PATCH /api/v1/users/softDelete-account/691ccfe179f64e3d0b6a59b2 HTTP/1.1" 500 991
::1 - - [20/Nov/2025:14:31:25 +0000] "PATCH /api/v1/users/softDelete-account/691ccfe179f64e3d0b6a59b2 HTTP/1.1" 500 333
::1 - - [20/Nov/2025:14:33:11 +0000] "PATCH /api/v1/users/softDelete-account/691ccfe179f64e3d0b6a59b2 HTTP/1.1" 500 991
::1 - - [20/Nov/2025:14:33:31 +0000] "PATCH /api/v1/users/softDelete-account/691ccfe179f64e3d0b6a59b2 HTTP/1.1" 500 333
::1 - - [20/Nov/2025:14:33:43 +0000] "PATCH /api/v1/users/softDelete-account/691ccfa079f64e3d0b6a59ab HTTP/1.1" 200 1250
::1 - - [20/Nov/2025:14:34:36 +0000] "PATCH /api/v1/users/softDelete-account/691ccfa079f64e3d0b6a59ab HTTP/1.1" 200 1250
::1 - - [20/Nov/2025:14:35:08 +0000] "PATCH /api/v1/users/softDelete-account/691ccfa079f64e3d0b6a59ab HTTP/1.1" 200 1250
::1 - - [20/Nov/2025:14:48:56 +0000] "PATCH /api/v1/users/softDelete-account/691ccfe179f64e3d0b6a59b2 HTTP/1.1" 404 33
::1 - - [20/Nov/2025:14:49:27 +0000] "PATCH /api/v1/users/softDelete-account/691ccfe179f64e3d0b6a59b2 HTTP/1.1" 500 333
::1 - - [20/Nov/2025:14:49:41 +0000] "PATCH /api/v1/users/softDelete-account/691ccfa079f64e3d0b6a59ab HTTP/1.1" 200 1326
::1 - - [20/Nov/2025:14:50:13 +0000] "PATCH /api/v1/users/softDelete-account/691ccfe179f64e3d0b6a59b2 HTTP/1.1" 200 1236
::1 - - [20/Nov/2025:15:04:24 +0000] "PATCH /api/v1/users/restore-softDelete/691ccfe179f64e3d0b6a59b2 HTTP/1.1" 500 342
::1 - - [20/Nov/2025:15:04:39 +0000] "PATCH /api/v1/users/restore-softDelete/691ccfe179f64e3d0b6a59b2 HTTP/1.1" 500 342
::1 - - [20/Nov/2025:15:04:58 +0000] "PATCH /api/v1/users/restore-softDelete/691ccfa079f64e3d0b6a59ab HTTP/1.1" 500 309
::1 - - [20/Nov/2025:15:05:17 +0000] "PATCH /api/v1/users/restore-softDelete/691ccfa079f64e3d0b6a59ab HTTP/1.1" 500 304
::1 - - [20/Nov/2025:15:05:48 +0000] "PATCH /api/v1/users/restore-softDelete/691ccfa079f64e3d0b6a59ab HTTP/1.1" 500 304
::1 - - [20/Nov/2025:15:05:53 +0000] "PATCH /api/v1/users/restore-softDelete/691ccfe179f64e3d0b6a59b2 HTTP/1.1" 200 1160
::1 - - [20/Nov/2025:15:06:28 +0000] "PATCH /api/v1/users/softDelete-account/691ccfe179f64e3d0b6a59b2 HTTP/1.1" 200 1235
::1 - - [20/Nov/2025:19:31:22 +0000] "PATCH /api/v1/users/softDelete-account/691ccfe179f64e3d0b6a59b2 HTTP/1.1" 500 700
::1 - - [20/Nov/2025:19:32:21 +0000] "PATCH /api/v1/users/softDelete-account/691ccfe179f64e3d0b6a59b2 HTTP/1.1" 200 1235
::1 - - [20/Nov/2025:19:41:36 +0000] "PATCH /api/v1/users/softDelete-account/691ccfe179f64e3d0b6a59b2 HTTP/1.1" 200 1235
::1 - - [20/Nov/2025:19:57:12 +0000] "PATCH /api/v1/users/hardDelete/691ccfe179f64e3d0b6a59b2 HTTP/1.1" 500 313
::1 - - [20/Nov/2025:19:57:23 +0000] "PATCH /api/v1/users/softDelete-account/691ccfe179f64e3d0b6a59b2 HTTP/1.1" 200 1235
::1 - - [20/Nov/2025:19:57:43 +0000] "PATCH /api/v1/users/hardDelete/691ccfa079f64e3d0b6a59ab HTTP/1.1" 500 333
::1 - - [20/Nov/2025:19:57:52 +0000] "PATCH /api/v1/users/hardDelete/691ccfe179f64e3d0b6a59b2 HTTP/1.1" 200 1232
::1 - - [20/Nov/2025:20:06:28 +0000] "PATCH /api/v1/users/softDelete-account/691ccfe179f64e3d0b6a59b2 HTTP/1.1" 500 281
::1 - - [20/Nov/2025:20:06:47 +0000] "PATCH /api/v1/users/softDelete-account/691ccfe179f64e3d0b6a59b2 HTTP/1.1" 500 281
::1 - - [20/Nov/2025:20:07:29 +0000] "PATCH /api/v1/users/softDelete-account/691f72dbb2679b3d8b03f228 HTTP/1.1" 200 1235
::1 - - [20/Nov/2025:20:08:31 +0000] "PATCH /api/v1/users/hardDelete/691f72dbb2679b3d8b03f228 HTTP/1.1" 500 333
::1 - - [20/Nov/2025:20:08:39 +0000] "PATCH /api/v1/users/hardDelete/691ccfa079f64e3d0b6a59ab HTTP/1.1" 500 333
::1 - - [20/Nov/2025:20:08:55 +0000] "PATCH /api/v1/users/hardDelete/691f72dbb2679b3d8b03f228 HTTP/1.1" 500 333
::1 - - [20/Nov/2025:20:09:05 +0000] "PATCH /api/v1/users/hardDelete/691ccfa079f64e3d0b6a59ab HTTP/1.1" 500 333
::1 - - [20/Nov/2025:20:09:38 +0000] "PATCH /api/v1/users/hardDelete/691ccfa079f64e3d0b6a59ab HTTP/1.1" 500 333
::1 - - [20/Nov/2025:20:09:50 +0000] "PATCH /api/v1/users/hardDelete/691ccfa079f64e3d0b6a59ab HTTP/1.1" 500 313
::1 - - [20/Nov/2025:20:10:07 +0000] "PATCH /api/v1/users/hardDelete/691f72dbb2679b3d8b03f228 HTTP/1.1" 200 1232
::1 - - [21/Nov/2025:18:05:37 +0000] "PATCH /api/v1/users/profile-image HTTP/1.1" 500 398
